Fecha: 2025-07-05 23:54:48
Para: marisolroblesnunez@gmail.com
Asunto: Verificación de cuenta
Mensaje:
Por favor, verifica tu cuenta haciendo clic en este enlace: http://localhost/GIMNASIO-MAIN/admin/verificar.php?token=b9606fd8ab49f89b746d19c86868777615c41863ca5e97f758e43f3c9897f028
__________________________________________

Fecha: 2025-07-05 23:56:48
Para: lolita@gmail.com
Asunto: Verificación de cuenta
Mensaje:
Por favor, verifica tu cuenta haciendo clic en este enlace: http://localhost/GIMNASIO-MAIN/admin/verificar.php?token=44ed923f6bde099e1779227faf116080c5876f853d43993791d999c74e1bfbf9
__________________________________________

Fecha: 2025-07-05 23:57:26
Para: marisolroblesnunez@gmail.com
Asunto: Recuperación de contraseña
Mensaje:
Para restablecer tu contraseña, haz click en este enlace: http://localhost/GIMNASIO-MAIN/admin/restablecer.php?token=b901e4ff3687966ab2368b35350d5249b915e6de7493d59379749181961bf0b3
__________________________________________

Fecha: 2025-07-06 00:07:50
Para: chulita@gmail.com
Asunto: Verificación de cuenta
Mensaje:
Por favor, verifica tu cuenta haciendo clic en este enlace: http://localhost/GIMNASIO-MAIN/admin/verificar.php?token=7b22b16fe9c56c03b7ccc7bcfcbc62fed7a1790d7673e27a54ef9b206d2d3cde
__________________________________________

Fecha: 2025-07-06 00:08:52
Para: culo@gmail.com
Asunto: Verificación de cuenta
Mensaje:
Por favor, verifica tu cuenta haciendo clic en este enlace: http://localhost/GIMNASIO-MAIN/admin/verificar.php?token=2d9b33d7a0851c0853ddb3c0ea5180871e85de6172ce85bb9dda6db4db7a9251
__________________________________________

Fecha: 2025-07-06 00:17:46
Para: ss@gmail.com
Asunto: Verificación de cuenta
Mensaje:
Por favor, verifica tu cuenta haciendo clic en este enlace: http://localhost/GIMNASIO-MAIN/admin/verificar.php?token=cef194964ea58ca647fea0058159861e8e1a9db488f354268fc51143e0233ca8
__________________________________________

Fecha: 2025-07-06 00:19:13
Para: alberto@gmail.com
Asunto: Verificación de cuenta
Mensaje:
Por favor, verifica tu cuenta haciendo clic en este enlace: http://localhost/GIMNASIO-MAIN/admin/verificar.php?token=78a25271fdc01d827bb07f83d075822ddbc9faf1792d8c5804872e778578848e
__________________________________________

Fecha: 2025-07-08 14:21:50
Para: uu@gmail.com
Asunto: Verificación de cuenta
Mensaje:
Por favor, verifica tu cuenta haciendo clic en este enlace: http://localhost/GIMNASIO-MAIN/admin/verificar.php?token=27bd724f1bf622d491a7e727ae6328c551cd1812ce93e76f3b796c9d495d092c
__________________________________________

Fecha: 2025-07-09 23:52:46
Para: ii@gmail.com
Asunto: Verificación de cuenta
Mensaje:
Por favor, verifica tu cuenta haciendo clic en este enlace: http://localhost/GIMNASIO-MAIN/admin/verificar.php?token=260161714aeff92ae0c7d70256f5c55b9466f4034e18c40d167c29efa62d4acf
__________________________________________

Fecha: 2025-07-10 22:56:05
Para: jj@gmail.com
Asunto: Verificación de cuenta
Mensaje:
Por favor, verifica tu cuenta haciendo clic en este enlace: http://localhost/GIMNASIO-MAIN/admin/verificar.php?token=d5f482f010c0b2a562f0e5f46d1400e0a62143a6669ef654b47609f257bbb593
__________________________________________

Fecha: 2025-07-10 23:34:07
Para: ui@gmail.com
Asunto: Verificación de cuenta
Mensaje:
Por favor, verifica tu cuenta haciendo clic en este enlace: http://localhost/gimnasio9del7/admin/verificar.php?token=fd4480d0638c725440d31b4cc8c26807f7e74c06c84be5c4a2cf1d62e0d94ec5
__________________________________________

Fecha: 2025-07-16 01:02:21
Para: uuu@gmail.com
Asunto: Verificación de cuenta
Mensaje:
Por favor, verifica tu cuenta haciendo clic en este enlace: http://localhost/gimnasio9del7/admin/verificar.php?token=c0c8cd99bfe55e250869fc50a8f778e803ffe363040576c6938827ef4c279c7d
__________________________________________

Fecha: 2025-07-16 01:34:16
Para: tt@gmail.com
Asunto: Verificación de cuenta
Mensaje:
Por favor, verifica tu cuenta haciendo clic en este enlace: /verificar.php?token=1607e77ae36b05f2c46459a27d72f8401a2528aac9e1be392e1f48c0891da5d3
__________________________________________

Fecha: 2025-07-16 01:39:56
Para: pp@gmail.com
Asunto: Verificación de cuenta
Mensaje:
Por favor, verifica tu cuenta haciendo clic en este enlace: http://localhost/gimnasio9del77/admin/verificar.php?token=06b68b2ec05e485b47eb6662d1de13da162e30a75a7d6607aeadc5fb31209f5b
__________________________________________

Fecha: 2025-07-16 01:42:50
Para: ww@gmail.com
Asunto: Verificación de cuenta
Mensaje:
Por favor, verifica tu cuenta haciendo clic en este enlace: http://localhost/gimnasio9del77/admin/verificar.php?token=18d07a01cf5c13c701f10d40de604af8b6b4849922fdd39300c45d40c32140b6
__________________________________________

Fecha: 2025-07-16 01:52:24
Para: puri@gmail.com
Asunto: Verificación de cuenta
Mensaje:
Por favor, verifica tu cuenta haciendo clic en este enlace: http://localhost/gimnasio9del77/admin/verificar.php?token=bf77735fe029bd3e8a137f605cd8f3a3e0d84967482aa5f81c0a44e1e8a3721f
__________________________________________

Fecha: 2025-07-16 01:59:20
Para: y@gmail.com
Asunto: Verificación de cuenta
Mensaje:
Por favor, verifica tu cuenta haciendo clic en este enlace: http://localhost/gimnasio9del77/admin/verificar.php?token=cd01590d0802d8dc10bb84158e76fa935090080ec59cdced1bec9808db0af2ac
__________________________________________

Fecha: 2025-07-16 09:58:08
Para: ee@gmail.com
Asunto: Verificación de cuenta
Mensaje:
Por favor, verifica tu cuenta haciendo clic en este enlace: http://localhost/gimnasio9del77/admin/verificar.php?token=ae5ef9dee5399f7d761bf522dba339832dfd45df6d6f53f94cc82a886fd1ebec
__________________________________________
d
Fecha: 2025-07-16 11:02:53
Para: ei@gmail.com
Asunto: Verificación de cuenta
Mensaje:
Por favor, verifica tu cuenta haciendo clic en este enlace: http://localhost/gimnasio9del77/admin/verificar.php?token=83f8694897e0b2f51bb70fbaf95a20b38df9bf9612f9e9aad8b22ee44203c411
__________________________________________

Fecha: 2025-07-16 12:17:08
Para: xx@gmail.com
Asunto: Verificación de cuenta
Mensaje:
Por favor, verifica tu cuenta haciendo clic en este enlace: http://localhost/gimnasio9del77/admin/verificar.php?token=b2861a429195cc2998c38409fc840965ad3aa92341685e879bbef7994dbbd24d
__________________________________________

Fecha: 2025-07-16 12:27:39
Para: rr@gmail.com
Asunto: Verificación de cuenta
Mensaje:
Por favor, verifica tu cuenta haciendo clic en este enlace: http://localhost/gimnasio9del77/admin/verificar.php?token=5af807ec05e6710ef13dd47fddc9383a240c0cfac7fbe5583c0025b8ba0c7482
__________________________________________

Fecha: 2025-07-16 13:45:32
Para: ou@gmail.com
Asunto: Verificación de cuenta
Mensaje:
Por favor, verifica tu cuenta haciendo clic en este enlace: http://localhost/gimnasio9del77/admin/verificar.php?token=40545e1d8b483ad376246fd3408a58dbcb7c36f55b720a5ce72719408b6d5a69
__________________________________________

Fecha: 2025-07-16 14:15:07
Para: ff@gmail.com
Asunto: Verificación de cuenta
Mensaje:
Por favor, verifica tu cuenta haciendo clic en este enlace: http://localhost/gimnasio9del77/admin/verificar.php?token=70643cdc2b2f3f304fc3f4464f4f4a4e614dc65fa82ad8ef31de9ab81cb1b21b
__________________________________________

Fecha: 2025-07-17 09:15:34
Para: aa@gmail.com
Asunto: Verificación de cuenta
Mensaje:
Por favor, verifica tu cuenta haciendo clic en este enlace: http://localhost/gimnasio9del77/admin/verificar.php?token=6475acb5d9aaf764b13117b673277d47809079ac9bc7079f90240282b26b969d
__________________________________________

Fecha: 2025-07-21 10:07:50
Para: una@gmail.com
Asunto: Verificación de cuenta
Mensaje:
Por favor, verifica tu cuenta haciendo clic en este enlace: http://localhost/gimnasio9del77/admin/verificar.php?token=f8e9f198addf34eda362f496ad6c705f3894dab3494d2209001c7cfc7c2916b6
__________________________________________

Fecha: 2025-07-21 13:35:49
Para: ave@gmail.com
Asunto: Verificación de cuenta
Mensaje:
Por favor, verifica tu cuenta haciendo clic en este enlace: http://localhost/gimnasio9del77/admin/verificar.php?token=66ed86fa657fa14b747c7ec698988c62569c72b809db83de878016bb896ca891
__________________________________________

Fecha: 2025-07-21 13:41:30
Para: aa@gmail.com
Asunto: Verificación de cuenta
Mensaje:
Por favor, verifica tu cuenta haciendo clic en este enlace: http://localhost/gimnasio9del77/admin/verificar.php?token=a1d607decbaef86d75dc9af199edfe97f180f51dbb724d3eae4afa1d6fa369fc
__________________________________________

Fecha: 2025-07-21 13:42:08
Para: aa@gmail.com
Asunto: Recuperación de contraseña
Mensaje:
Para restablecer tu contraseña, haz click en este enlace: http://localhost/gimnasio9del77/admin/restablecer.php?token=f2da3fda1143befc3a73888b2e1a3b5d5cce345026b7a6171af1dcfd46ac6bb3
__________________________________________

Fecha: 2025-07-21 13:42:36
Para: aa@gmail.com
Asunto: Recuperación de contraseña
Mensaje:
Para restablecer tu contraseña, haz click en este enlace: http://localhost/gimnasio9del77/admin/restablecer.php?token=961dec4440baae56514053eb3124ce41e23c3f4aeed10a132d807d354441a24e
__________________________________________

Fecha: 2025-07-21 13:51:52
Para: aa@gmail.com
Asunto: Recuperación de contraseña
Mensaje:
Para restablecer tu contraseña, haz click en este enlace: http://localhost/gimnasio9del77/admin/restablecer.php?token=0fa5545982b8f40246487a5f8c06d62ef08b1015ed7153f3a8934e5e752c9a92
__________________________________________

Fecha: 2025-07-21 14:21:06
Para: ccc@gmail.com
Asunto: Verificación de cuenta
Mensaje:
Por favor, verifica tu cuenta haciendo clic en este enlace: http://localhost/gimnasio9del77/admin/verificar.php?token=9379f34a80b58f84f51d005a32729df9e946ca7f7c204cf067e496fefeaca219
__________________________________________

Fecha: 2025-07-21 20:19:21
Para: eso@gmail.com
Asunto: Verificación de cuenta
Mensaje:
Por favor, verifica tu cuenta haciendo clic en este enlace: http://localhost/gimnasio9del77/admin/verificar.php?token=6dd64448bf999083fde6f528c01e62bb5462ecb09bad977b15f3c1da2fb12da8
__________________________________________

Fecha: 2025-07-21 20:24:01
Para: pino@gmail.com
Asunto: Verificación de cuenta
Mensaje:
Por favor, verifica tu cuenta haciendo clic en este enlace: http://localhost/gimnasio9del77/admin/verificar.php?token=9a38a7306caecc9478bc6f12d5609942efe0e6c433656cc02d5e228f515231a5
__________________________________________

Fecha: 2025-07-21 20:26:05
Para: cac@gmail.com
Asunto: Verificación de cuenta
Mensaje:
Por favor, verifica tu cuenta haciendo clic en este enlace: http://localhost/gimnasio9del77/admin/verificar.php?token=d26f47de3f6c0e4a9a64b487ec5513e1ac4dd745cd2da5b02e1efaed4f56e382
__________________________________________

Fecha: 2025-07-21 20:26:47
Para: iiii@gmail.com
Asunto: Verificación de cuenta
Mensaje:
Por favor, verifica tu cuenta haciendo clic en este enlace: http://localhost/gimnasio9del77/admin/verificar.php?token=81cfea700bc06ebb415a9a34a05ace55348db03e4e39b7cda1f7b89a220c07c2
__________________________________________

Fecha: 2025-07-21 20:32:10
Para: ola@gmail.com
Asunto: Verificación de cuenta
Mensaje:
Por favor, verifica tu cuenta haciendo clic en este enlace: http://localhost/gimnasio9del77/admin/verificar.php?token=840b6772ca3538ce80156f093d8bf5ba708bb582a9d6c8df57377901067164ef
__________________________________________

Fecha: 2025-07-21 20:38:27
Para: ere@gmail.com
Asunto: Verificación de cuenta
Mensaje:
Por favor, verifica tu cuenta haciendo clic en este enlace: http://localhost/gimnasio9del77/admin/verificar.php?token=212783f6d6dad1c7374f45a6ac3fa3b3f82702e0f9d082124af4a6b041db6958
__________________________________________

Fecha: 2025-07-21 20:56:39
Para: sese@gmail.com
Asunto: Verificación de cuenta
Mensaje:
Por favor, verifica tu cuenta haciendo clic en este enlace: http://localhost/gimnasio9del77/admin/verificar.php?token=6072e974459f8f1ad0f780af4bfebd37abaa5ea8b5fa3982bf685e8b231c96bc
__________________________________________

Fecha: 2025-07-21 20:57:00
Para: titi@gmail.com
Asunto: Verificación de cuenta
Mensaje:
Por favor, verifica tu cuenta haciendo clic en este enlace: http://localhost/gimnasio9del77/admin/verificar.php?token=e36b870cd95776118f30ca31b37f38fee91b86d1b86ec6c4c5cae20d0bdee0a0
__________________________________________

Fecha: 2025-07-21 21:00:28
Para: lolo@gmail.com
Asunto: Verificación de cuenta
Mensaje:
Por favor, verifica tu cuenta haciendo clic en este enlace: http://localhost/gimnasio9del77/admin/verificar.php?token=4218848e61180d131659a5b72f22997ea5492ea10870a09f72c13009e77896bf
__________________________________________

Fecha: 2025-07-21 21:10:01
Para: titi@gmail.com
Asunto: Recuperación de contraseña
Mensaje:
Para restablecer tu contraseña, haz click en este enlace: http://localhost/gimnasio9del77/admin/restablecer.php?token=a545edd2a5bf872f2b4efad5f224ece123cafbedad2384e39cbd41e40941f55a
__________________________________________

Fecha: 2025-07-21 21:37:11
Para: titi@gmail.com
Asunto: Recuperación de contraseña
Mensaje:
Para restablecer tu contraseña, haz click en este enlace: http://localhost/gimnasio9del77/admin/restablecer.php?token=de64871cf69d4bc796df2538b9bbbc81f4066c9ee445ccfe62828e21fd6a789a
__________________________________________

Fecha: 2025-07-21 21:42:38
Para: titi@gmail.com
Asunto: Recuperación de contraseña
Mensaje:
Para restablecer tu contraseña, haz click en este enlace: http://localhost/gimnasio9del77/admin/restablecer.php?token=8f27506b7f4c0e30acb367668c45d825d2250b8bb966a300f129530f9b16c0a1
__________________________________________

Fecha: 2025-07-21 22:43:43
Para: ooo@gmail.com
Asunto: Verificación de cuenta
Mensaje:
Por favor, verifica tu cuenta haciendo clic en este enlace: http://localhost/PowerGym/admin/verificar.php?token=fe5c55e363a1c264208043d21a2d7aed7c648647bdeb6336a51383007e083dc0
__________________________________________

Fecha: 2025-07-21 22:53:22
Para: uh@gmail.com
Asunto: Verificación de cuenta
Mensaje:
Por favor, verifica tu cuenta haciendo clic en este enlace: http://localhost/PowerGym/admin/verificar.php?token=079e8202f82fb90934677bc67410103210b9a43eb513346650695d4ee21cf18b
__________________________________________

Fecha: 2025-07-21 23:02:58
Para: ddd@gmail.com
Asunto: Verificación de cuenta
Mensaje:
Por favor, verifica tu cuenta haciendo clic en este enlace: http://localhost/PowerGym/admin/verificar.php?token=115e439bdba2a7f711c968f1485b120082744c5f7220ddf3fe4ca571dd318621
__________________________________________

Fecha: 2025-07-21 23:03:28
Para: ddd@gmail.com
Asunto: Recuperación de contraseña
Mensaje:
Para restablecer tu contraseña, haz click en este enlace: http://localhost/PowerGym/admin/restablecer.php?token=1365f0ec7c46c65b489dd0c14d595663d1ad434088bded7305a6eb7d42db40c8
__________________________________________

Fecha: 2025-07-21 23:04:04
Para: ttt@gmail.com
Asunto: Verificación de cuenta
Mensaje:
Por favor, verifica tu cuenta haciendo clic en este enlace: http://localhost/PowerGym/admin/verificar.php?token=1fd5eadd2583857f3bc79517b635a0c576299d5c378b2246637584917bf6ec2a
__________________________________________

Fecha: 2025-07-21 23:10:23
Para: tti@gmail.com
Asunto: Verificación de cuenta
Mensaje:
Por favor, verifica tu cuenta haciendo clic en este enlace: http://localhost/PowerGym/admin/verificar.php?token=d12fabe6f7179315f1aaa59b26b2e964e12ace05daa61f5da9547fbe0851d5fd
__________________________________________

